<?xml version="1.0" encoding="UTF-8"?>
<testng-results ignored="0" total="1" passed="1" failed="0" skipped="0">
  <reporter-output>
  </reporter-output>
  <suite started-at="2022-06-22T16:26:02 BST" name="com.mobileframework" finished-at="2022-06-22T16:26:22 BST" duration-ms="20229">
    <groups>
      <group name="cucumber">
        <method signature="AbstractTestNGCucumberTests.runScenario(io.cucumber.testng.PickleWrapper, io.cucumber.testng.FeatureWrapper)[pri:0, instance:com.base.TestRunner@624ea235]" name="runScenario" class="io.cucumber.testng.AbstractTestNGCucumberTests"/>
      </group> <!-- cucumber -->
    </groups>
    <test started-at="2022-06-22T16:26:02 BST" name="mobileframework" finished-at="2022-06-22T16:26:22 BST" duration-ms="20229">
      <class name="com.base.TestRunner">
        <test-method is-config="true" signature="setUpClass(org.testng.ITestContext)[pri:0, instance:com.base.TestRunner@624ea235]" started-at="2022-06-22T16:26:02 BST" name="setUpClass" finished-at="2022-06-22T16:26:02 BST" duration-ms="723" status="PASS">
          <params>
            <param index="0">
              <value>
                <![CDATA[org.testng.TestRunner@4bff7da0]]>
              </value>
            </param>
          </params>
          <reporter-output>
          </reporter-output>
        </test-method> <!-- setUpClass -->
        <test-method signature="runScenario(io.cucumber.testng.PickleWrapper, io.cucumber.testng.FeatureWrapper)[pri:0, instance:com.base.TestRunner@624ea235]" started-at="2022-06-22T16:26:02 BST" name="runScenario" description="Runs Cucumber Scenarios" data-provider="scenarios" finished-at="2022-06-22T16:26:19 BST" duration-ms="16100" status="PASS">
          <params>
            <param index="0">
              <value>
                <![CDATA["User should be able to create a contact and verify it is created"]]>
              </value>
            </param>
            <param index="1">
              <value>
                <![CDATA["Optional[Contacts]"]]>
              </value>
            </param>
          </params>
          <reporter-output>
          </reporter-output>
        </test-method> <!-- runScenario -->
        <test-method is-config="true" signature="tearDownClass()[pri:0, instance:com.base.TestRunner@624ea235]" started-at="2022-06-22T16:26:19 BST" name="tearDownClass" finished-at="2022-06-22T16:26:22 BST" duration-ms="3379" status="PASS">
          <reporter-output>
          </reporter-output>
        </test-method> <!-- tearDownClass -->
      </class> <!-- com.base.TestRunner -->
    </test> <!-- mobileframework -->
  </suite> <!-- com.mobileframework -->
</testng-results>
